{"/home/fjunior/Development/Projects/Educational/Unifor/Testes Automatizados/API/src/app.js": {"path":"/home/fjunior/Development/Projects/Educational/Unifor/Testes Automatizados/API/src/app.js","statementMap":{"0":{"start":{"line":1,"column":16},"end":{"line":1,"column":34}},"1":{"start":{"line":2,"column":14},"end":{"line":2,"column":30}},"2":{"start":{"line":3,"column":30},"end":{"line":3,"column":52}},"3":{"start":{"line":4,"column":34},"end":{"line":4,"column":81}},"4":{"start":{"line":5,"column":33},"end":{"line":5,"column":79}},"5":{"start":{"line":6,"column":33},"end":{"line":6,"column":75}},"6":{"start":{"line":7,"column":47},"end":{"line":7,"column":80}},"7":{"start":{"line":8,"column":41},"end":{"line":8,"column":78}},"8":{"start":{"line":9,"column":30},"end":{"line":9,"column":61}},"9":{"start":{"line":11,"column":18},"end":{"line":31,"column":1}},"10":{"start":{"line":12,"column":14},"end":{"line":12,"column":23}},"11":{"start":{"line":13,"column":15},"end":{"line":13,"column":34}},"12":{"start":{"line":15,"column":25},"end":{"line":15,"column":60}},"13":{"start":{"line":16,"column":26},"end":{"line":16,"column":61}},"14":{"start":{"line":17,"column":25},"end":{"line":17,"column":57}},"15":{"start":{"line":19,"column":22},"end":{"line":24,"column":4}},"16":{"start":{"line":25,"column":26},"end":{"line":25,"column":91}},"17":{"start":{"line":27,"column":2},"end":{"line":27,"column":26}},"18":{"start":{"line":28,"column":2},"end":{"line":28,"column":80}},"19":{"start":{"line":30,"column":2},"end":{"line":30,"column":13}},"20":{"start":{"line":33,"column":0},"end":{"line":33,"column":31}}},"fnMap":{"0":{"name":"(anonymous_0)","decl":{"start":{"line":11,"column":18},"end":{"line":11,"column":19}},"loc":{"start":{"line":11,"column":51},"end":{"line":31,"column":1}},"line":11}},"branchMap":{"0":{"loc":{"start":{"line":11,"column":19},"end":{"line":11,"column":46}},"type":"default-arg","locations":[{"start":{"line":11,"column":44},"end":{"line":11,"column":46}}],"line":11},"1":{"loc":{"start":{"line":11,"column":21},"end":{"line":11,"column":39}},"type":"default-arg","locations":[{"start":{"line":11,"column":34},"end":{"line":11,"column":39}}],"line":11}},"s":{"0":2,"1":2,"2":2,"3":2,"4":2,"5":2,"6":2,"7":2,"8":2,"9":2,"10":22,"11":22,"12":22,"13":22,"14":22,"15":22,"16":22,"17":22,"18":22,"19":22,"20":2},"f":{"0":22},"b":{"0":[22],"1":[22]},"_coverageSchema":"1a1c01bbd47fc00a2c39e90264f33305004495a9","hash":"2875d17c6f4e375adaeebe170b5fd76c0fac5076"}
,"/home/fjunior/Development/Projects/Educational/Unifor/Testes Automatizados/API/src/config/constants.js": {"path":"/home/fjunior/Development/Projects/Educational/Unifor/Testes Automatizados/API/src/config/constants.js","statementMap":{"0":{"start":{"line":1,"column":22},"end":{"line":1,"column":27}},"1":{"start":{"line":2,"column":25},"end":{"line":2,"column":33}},"2":{"start":{"line":3,"column":30},"end":{"line":3,"column":40}},"3":{"start":{"line":5,"column":32},"end":{"line":5,"column":36}},"4":{"start":{"line":6,"column":32},"end":{"line":6,"column":34}},"5":{"start":{"line":8,"column":24},"end":{"line":8,"column":26}},"6":{"start":{"line":9,"column":26},"end":{"line":9,"column":27}},"7":{"start":{"line":10,"column":22},"end":{"line":10,"column":24}},"8":{"start":{"line":11,"column":21},"end":{"line":11,"column":25}},"9":{"start":{"line":12,"column":17},"end":{"line":12,"column":21}},"10":{"start":{"line":14,"column":23},"end":{"line":14,"column":49}},"11":{"start":{"line":16,"column":22},"end":{"line":19,"column":1}},"12":{"start":{"line":21,"column":0},"end":{"line":30,"column":2}}},"fnMap":{},"branchMap":{},"s":{"0":2,"1":2,"2":2,"3":2,"4":2,"5":2,"6":2,"7":2,"8":2,"9":2,"10":2,"11":2,"12":2},"f":{},"b":{},"_coverageSchema":"1a1c01bbd47fc00a2c39e90264f33305004495a9","hash":"1b99d9e1bfdeb0abaf4249ec66eff3912315daaf"}
,"/home/fjunior/Development/Projects/Educational/Unifor/Testes Automatizados/API/src/data/seed.js": {"path":"/home/fjunior/Development/Projects/Educational/Unifor/Testes Automatizados/API/src/data/seed.js","statementMap":{"0":{"start":{"line":5,"column":4},"end":{"line":5,"column":34}},"1":{"start":{"line":7,"column":26},"end":{"line":17,"column":2}},"2":{"start":{"line":7,"column":33},"end":{"line":17,"column":1}},"3":{"start":{"line":19,"column":0},"end":{"line":19,"column":39}}},"fnMap":{"0":{"name":"(anonymous_0)","decl":{"start":{"line":7,"column":26},"end":{"line":7,"column":27}},"loc":{"start":{"line":7,"column":33},"end":{"line":17,"column":1}},"line":7}},"branchMap":{},"s":{"0":2,"1":2,"2":22,"3":2},"f":{"0":22},"b":{},"_coverageSchema":"1a1c01bbd47fc00a2c39e90264f33305004495a9","hash":"4490233b675abe18fd1624533d979a5ae719780a"}
,"/home/fjunior/Development/Projects/Educational/Unifor/Testes Automatizados/API/src/infra/repositories/orderRepository.js": {"path":"/home/fjunior/Development/Projects/Educational/Unifor/Testes Automatizados/API/src/infra/repositories/orderRepository.js","statementMap":{"0":{"start":{"line":1,"column":30},"end":{"line":9,"column":2}},"1":{"start":{"line":1,"column":44},"end":{"line":9,"column":1}},"2":{"start":{"line":2,"column":17},"end":{"line":2,"column":24}},"3":{"start":{"line":3,"column":20},"end":{"line":3,"column":60}},"4":{"start":{"line":3,"column":43},"end":{"line":3,"column":59}},"5":{"start":{"line":5,"column":4},"end":{"line":5,"column":25}},"6":{"start":{"line":6,"column":4},"end":{"line":6,"column":18}},"7":{"start":{"line":8,"column":16},"end":{"line":8,"column":34}},"8":{"start":{"line":11,"column":0},"end":{"line":11,"column":43}}},"fnMap":{"0":{"name":"(anonymous_0)","decl":{"start":{"line":1,"column":30},"end":{"line":1,"column":31}},"loc":{"start":{"line":1,"column":44},"end":{"line":9,"column":1}},"line":1},"1":{"name":"(anonymous_1)","decl":{"start":{"line":2,"column":11},"end":{"line":2,"column":12}},"loc":{"start":{"line":2,"column":17},"end":{"line":2,"column":24}},"line":2},"2":{"name":"(anonymous_2)","decl":{"start":{"line":3,"column":12},"end":{"line":3,"column":13}},"loc":{"start":{"line":3,"column":20},"end":{"line":3,"column":60}},"line":3},"3":{"name":"(anonymous_3)","decl":{"start":{"line":3,"column":33},"end":{"line":3,"column":34}},"loc":{"start":{"line":3,"column":43},"end":{"line":3,"column":59}},"line":3},"4":{"name":"(anonymous_4)","decl":{"start":{"line":4,"column":10},"end":{"line":4,"column":11}},"loc":{"start":{"line":4,"column":22},"end":{"line":7,"column":3}},"line":4},"5":{"name":"(anonymous_5)","decl":{"start":{"line":8,"column":10},"end":{"line":8,"column":11}},"loc":{"start":{"line":8,"column":16},"end":{"line":8,"column":34}},"line":8}},"branchMap":{},"s":{"0":2,"1":22,"2":2,"3":6,"4":14,"5":5,"6":5,"7":5,"8":2},"f":{"0":22,"1":2,"2":6,"3":14,"4":5,"5":5},"b":{},"_coverageSchema":"1a1c01bbd47fc00a2c39e90264f33305004495a9","hash":"7ceb35e6bf6096d77df6631ac63e77a2d5a390cf"}
,"/home/fjunior/Development/Projects/Educational/Unifor/Testes Automatizados/API/src/infra/repositories/userRepository.js": {"path":"/home/fjunior/Development/Projects/Educational/Unifor/Testes Automatizados/API/src/infra/repositories/userRepository.js","statementMap":{"0":{"start":{"line":1,"column":29},"end":{"line":3,"column":2}},"1":{"start":{"line":1,"column":44},"end":{"line":3,"column":1}},"2":{"start":{"line":2,"column":20},"end":{"line":2,"column":63}},"3":{"start":{"line":2,"column":45},"end":{"line":2,"column":62}},"4":{"start":{"line":5,"column":0},"end":{"line":5,"column":42}}},"fnMap":{"0":{"name":"(anonymous_0)","decl":{"start":{"line":1,"column":29},"end":{"line":1,"column":30}},"loc":{"start":{"line":1,"column":44},"end":{"line":3,"column":1}},"line":1},"1":{"name":"(anonymous_1)","decl":{"start":{"line":2,"column":12},"end":{"line":2,"column":13}},"loc":{"start":{"line":2,"column":20},"end":{"line":2,"column":63}},"line":2},"2":{"name":"(anonymous_2)","decl":{"start":{"line":2,"column":34},"end":{"line":2,"column":35}},"loc":{"start":{"line":2,"column":45},"end":{"line":2,"column":62}},"line":2}},"branchMap":{},"s":{"0":2,"1":22,"2":17,"3":29,"4":2},"f":{"0":22,"1":17,"2":29},"b":{},"_coverageSchema":"1a1c01bbd47fc00a2c39e90264f33305004495a9","hash":"9781131b54fed67485cc8f79827d6d29efeff9bb"}
,"/home/fjunior/Development/Projects/Educational/Unifor/Testes Automatizados/API/src/infra/services/freightService.js": {"path":"/home/fjunior/Development/Projects/Educational/Unifor/Testes Automatizados/API/src/infra/services/freightService.js","statementMap":{"0":{"start":{"line":5,"column":4},"end":{"line":5,"column":37}},"1":{"start":{"line":7,"column":29},"end":{"line":24,"column":2}},"2":{"start":{"line":7,"column":46},"end":{"line":24,"column":1}},"3":{"start":{"line":9,"column":4},"end":{"line":22,"column":5}},"4":{"start":{"line":10,"column":23},"end":{"line":10,"column":84}},"5":{"start":{"line":12,"column":6},"end":{"line":14,"column":7}},"6":{"start":{"line":13,"column":8},"end":{"line":13,"column":40}},"7":{"start":{"line":16,"column":6},"end":{"line":18,"column":26}},"8":{"start":{"line":20,"column":6},"end":{"line":20,"column":58}},"9":{"start":{"line":21,"column":6},"end":{"line":21,"column":56}},"10":{"start":{"line":26,"column":0},"end":{"line":26,"column":42}}},"fnMap":{"0":{"name":"(anonymous_0)","decl":{"start":{"line":7,"column":29},"end":{"line":7,"column":30}},"loc":{"start":{"line":7,"column":46},"end":{"line":24,"column":1}},"line":7},"1":{"name":"(anonymous_1)","decl":{"start":{"line":8,"column":18},"end":{"line":8,"column":19}},"loc":{"start":{"line":8,"column":40},"end":{"line":23,"column":3}},"line":8}},"branchMap":{"0":{"loc":{"start":{"line":12,"column":6},"end":{"line":14,"column":7}},"type":"if","locations":[{"start":{"line":12,"column":6},"end":{"line":14,"column":7}},{"start":{},"end":{}}],"line":12},"1":{"loc":{"start":{"line":16,"column":13},"end":{"line":18,"column":25}},"type":"cond-expr","locations":[{"start":{"line":17,"column":10},"end":{"line":17,"column":41}},{"start":{"line":18,"column":10},"end":{"line":18,"column":25}}],"line":16}},"s":{"0":2,"1":2,"2":22,"3":11,"4":11,"5":10,"6":2,"7":8,"8":3,"9":3,"10":2},"f":{"0":22,"1":11},"b":{"0":[2,8],"1":[4,4]},"_coverageSchema":"1a1c01bbd47fc00a2c39e90264f33305004495a9","hash":"71da74623815889094520bd3b93cc43cc2a9e60b"}
,"/home/fjunior/Development/Projects/Educational/Unifor/Testes Automatizados/API/src/routes/orderRoutes.js": {"path":"/home/fjunior/Development/Projects/Educational/Unifor/Testes Automatizados/API/src/routes/orderRoutes.js","statementMap":{"0":{"start":{"line":1,"column":16},"end":{"line":1,"column":34}},"1":{"start":{"line":3,"column":26},"end":{"line":21,"column":1}},"2":{"start":{"line":4,"column":17},"end":{"line":4,"column":33}},"3":{"start":{"line":6,"column":2},"end":{"line":8,"column":5}},"4":{"start":{"line":7,"column":4},"end":{"line":7,"column":40}},"5":{"start":{"line":10,"column":2},"end":{"line":13,"column":5}},"6":{"start":{"line":11,"column":19},"end":{"line":11,"column":46}},"7":{"start":{"line":12,"column":4},"end":{"line":12,"column":55}},"8":{"start":{"line":15,"column":2},"end":{"line":18,"column":5}},"9":{"start":{"line":16,"column":19},"end":{"line":16,"column":59}},"10":{"start":{"line":17,"column":4},"end":{"line":17,"column":55}},"11":{"start":{"line":20,"column":2},"end":{"line":20,"column":16}},"12":{"start":{"line":23,"column":0},"end":{"line":23,"column":39}}},"fnMap":{"0":{"name":"(anonymous_0)","decl":{"start":{"line":3,"column":26},"end":{"line":3,"column":27}},"loc":{"start":{"line":3,"column":81},"end":{"line":21,"column":1}},"line":3},"1":{"name":"(anonymous_1)","decl":{"start":{"line":6,"column":25},"end":{"line":6,"column":26}},"loc":{"start":{"line":6,"column":39},"end":{"line":8,"column":3}},"line":6},"2":{"name":"(anonymous_2)","decl":{"start":{"line":10,"column":26},"end":{"line":10,"column":27}},"loc":{"start":{"line":10,"column":46},"end":{"line":13,"column":3}},"line":10},"3":{"name":"(anonymous_3)","decl":{"start":{"line":15,"column":29},"end":{"line":15,"column":30}},"loc":{"start":{"line":15,"column":43},"end":{"line":18,"column":3}},"line":15}},"branchMap":{},"s":{"0":2,"1":2,"2":22,"3":22,"4":2,"5":22,"6":15,"7":15,"8":22,"9":6,"10":6,"11":22,"12":2},"f":{"0":22,"1":2,"2":15,"3":6},"b":{},"_coverageSchema":"1a1c01bbd47fc00a2c39e90264f33305004495a9","hash":"0101e5f16e8ac20e4a1d8210d93e1a5c35c7d9cc"}
,"/home/fjunior/Development/Projects/Educational/Unifor/Testes Automatizados/API/src/usecases/createOrder.js": {"path":"/home/fjunior/Development/Projects/Educational/Unifor/Testes Automatizados/API/src/usecases/createOrder.js","statementMap":{"0":{"start":{"line":6,"column":4},"end":{"line":6,"column":34}},"1":{"start":{"line":8,"column":33},"end":{"line":14,"column":1}},"2":{"start":{"line":9,"column":2},"end":{"line":11,"column":3}},"3":{"start":{"line":10,"column":4},"end":{"line":10,"column":22}},"4":{"start":{"line":13,"column":2},"end":{"line":13,"column":80}},"5":{"start":{"line":18,"column":4},"end":{"line":18,"column":27}},"6":{"start":{"line":22,"column":21},"end":{"line":22,"column":67}},"7":{"start":{"line":24,"column":20},"end":{"line":24,"column":66}},"8":{"start":{"line":24,"column":45},"end":{"line":24,"column":63}},"9":{"start":{"line":25,"column":18},"end":{"line":25,"column":46}},"10":{"start":{"line":25,"column":38},"end":{"line":25,"column":45}},"11":{"start":{"line":27,"column":4},"end":{"line":27,"column":37}},"12":{"start":{"line":28,"column":4},"end":{"line":28,"column":19}},"13":{"start":{"line":30,"column":4},"end":{"line":37,"column":5}},"14":{"start":{"line":31,"column":6},"end":{"line":31,"column":28}},"15":{"start":{"line":33,"column":6},"end":{"line":33,"column":16}},"16":{"start":{"line":34,"column":6},"end":{"line":36,"column":7}},"17":{"start":{"line":35,"column":8},"end":{"line":35,"column":37}},"18":{"start":{"line":41,"column":33},"end":{"line":75,"column":1}},"19":{"start":{"line":41,"column":100},"end":{"line":75,"column":1}},"20":{"start":{"line":42,"column":2},"end":{"line":44,"column":3}},"21":{"start":{"line":43,"column":4},"end":{"line":43,"column":115}},"22":{"start":{"line":46,"column":2},"end":{"line":74,"column":5}},"23":{"start":{"line":47,"column":20},"end":{"line":47,"column":54}},"24":{"start":{"line":48,"column":4},"end":{"line":50,"column":5}},"25":{"start":{"line":49,"column":6},"end":{"line":49,"column":71}},"26":{"start":{"line":52,"column":21},"end":{"line":52,"column":71}},"27":{"start":{"line":54,"column":4},"end":{"line":58,"column":5}},"28":{"start":{"line":55,"column":6},"end":{"line":55,"column":68}},"29":{"start":{"line":57,"column":6},"end":{"line":57,"column":60}},"30":{"start":{"line":60,"column":4},"end":{"line":62,"column":5}},"31":{"start":{"line":61,"column":6},"end":{"line":61,"column":67}},"32":{"start":{"line":64,"column":4},"end":{"line":64,"column":32}},"33":{"start":{"line":66,"column":23},"end":{"line":71,"column":6}},"34":{"start":{"line":73,"column":4},"end":{"line":73,"column":45}},"35":{"start":{"line":77,"column":0},"end":{"line":81,"column":2}}},"fnMap":{"0":{"name":"(anonymous_0)","decl":{"start":{"line":8,"column":33},"end":{"line":8,"column":34}},"loc":{"start":{"line":8,"column":59},"end":{"line":14,"column":1}},"line":8},"1":{"name":"(anonymous_1)","decl":{"start":{"line":17,"column":2},"end":{"line":17,"column":3}},"loc":{"start":{"line":17,"column":16},"end":{"line":19,"column":3}},"line":17},"2":{"name":"(anonymous_2)","decl":{"start":{"line":21,"column":2},"end":{"line":21,"column":3}},"loc":{"start":{"line":21,"column":31},"end":{"line":38,"column":3}},"line":21},"3":{"name":"(anonymous_3)","decl":{"start":{"line":24,"column":32},"end":{"line":24,"column":33}},"loc":{"start":{"line":24,"column":43},"end":{"line":24,"column":65}},"line":24},"4":{"name":"(anonymous_4)","decl":{"start":{"line":25,"column":32},"end":{"line":25,"column":33}},"loc":{"start":{"line":25,"column":38},"end":{"line":25,"column":45}},"line":25},"5":{"name":"(anonymous_5)","decl":{"start":{"line":41,"column":33},"end":{"line":41,"column":34}},"loc":{"start":{"line":41,"column":100},"end":{"line":75,"column":1}},"line":41},"6":{"name":"(anonymous_6)","decl":{"start":{"line":41,"column":100},"end":{"line":41,"column":101}},"loc":{"start":{"line":41,"column":149},"end":{"line":75,"column":1}},"line":41},"7":{"name":"(anonymous_7)","decl":{"start":{"line":46,"column":33},"end":{"line":46,"column":34}},"loc":{"start":{"line":46,"column":45},"end":{"line":74,"column":3}},"line":46}},"branchMap":{"0":{"loc":{"start":{"line":9,"column":2},"end":{"line":11,"column":3}},"type":"if","locations":[{"start":{"line":9,"column":2},"end":{"line":11,"column":3}},{"start":{},"end":{}}],"line":9},"1":{"loc":{"start":{"line":22,"column":21},"end":{"line":22,"column":67}},"type":"binary-expr","locations":[{"start":{"line":22,"column":21},"end":{"line":22,"column":46}},{"start":{"line":22,"column":50},"end":{"line":22,"column":67}}],"line":22},"2":{"loc":{"start":{"line":34,"column":6},"end":{"line":36,"column":7}},"type":"if","locations":[{"start":{"line":34,"column":6},"end":{"line":36,"column":7}},{"start":{},"end":{}}],"line":34},"3":{"loc":{"start":{"line":42,"column":2},"end":{"line":44,"column":3}},"type":"if","locations":[{"start":{"line":42,"column":2},"end":{"line":44,"column":3}},{"start":{},"end":{}}],"line":42},"4":{"loc":{"start":{"line":42,"column":6},"end":{"line":42,"column":46}},"type":"binary-expr","locations":[{"start":{"line":42,"column":6},"end":{"line":42,"column":16}},{"start":{"line":42,"column":20},"end":{"line":42,"column":31}},{"start":{"line":42,"column":35},"end":{"line":42,"column":46}}],"line":42},"5":{"loc":{"start":{"line":48,"column":4},"end":{"line":50,"column":5}},"type":"if","locations":[{"start":{"line":48,"column":4},"end":{"line":50,"column":5}},{"start":{},"end":{}}],"line":48},"6":{"loc":{"start":{"line":60,"column":4},"end":{"line":62,"column":5}},"type":"if","locations":[{"start":{"line":60,"column":4},"end":{"line":62,"column":5}},{"start":{},"end":{}}],"line":60}},"s":{"0":2,"1":2,"2":11,"3":8,"4":3,"5":22,"6":13,"7":13,"8":13,"9":13,"10":13,"11":13,"12":13,"13":13,"14":13,"15":13,"16":13,"17":13,"18":2,"19":22,"20":15,"21":2,"22":13,"23":13,"24":13,"25":2,"26":11,"27":11,"28":11,"29":3,"30":8,"31":3,"32":5,"33":5,"34":5,"35":2},"f":{"0":11,"1":22,"2":13,"3":13,"4":13,"5":22,"6":15,"7":13},"b":{"0":[8,3],"1":[13,13],"2":[13,0],"3":[2,13],"4":[15,15,13],"5":[2,11],"6":[3,5]},"_coverageSchema":"1a1c01bbd47fc00a2c39e90264f33305004495a9","hash":"1a3fae02a3a7a60d177dfb77c6e024c046329299"}
,"/home/fjunior/Development/Projects/Educational/Unifor/Testes Automatizados/API/src/usecases/getOrderDetails.js": {"path":"/home/fjunior/Development/Projects/Educational/Unifor/Testes Automatizados/API/src/usecases/getOrderDetails.js","statementMap":{"0":{"start":{"line":1,"column":37},"end":{"line":21,"column":1}},"1":{"start":{"line":1,"column":78},"end":{"line":21,"column":1}},"2":{"start":{"line":2,"column":17},"end":{"line":2,"column":45}},"3":{"start":{"line":4,"column":2},"end":{"line":6,"column":3}},"4":{"start":{"line":5,"column":4},"end":{"line":5,"column":68}},"5":{"start":{"line":8,"column":21},"end":{"line":8,"column":62}},"6":{"start":{"line":10,"column":2},"end":{"line":12,"column":3}},"7":{"start":{"line":11,"column":4},"end":{"line":11,"column":76}},"8":{"start":{"line":14,"column":2},"end":{"line":20,"column":4}},"9":{"start":{"line":23,"column":0},"end":{"line":23,"column":50}}},"fnMap":{"0":{"name":"(anonymous_0)","decl":{"start":{"line":1,"column":37},"end":{"line":1,"column":38}},"loc":{"start":{"line":1,"column":78},"end":{"line":21,"column":1}},"line":1},"1":{"name":"(anonymous_1)","decl":{"start":{"line":1,"column":78},"end":{"line":1,"column":79}},"loc":{"start":{"line":1,"column":86},"end":{"line":21,"column":1}},"line":1}},"branchMap":{"0":{"loc":{"start":{"line":4,"column":2},"end":{"line":6,"column":3}},"type":"if","locations":[{"start":{"line":4,"column":2},"end":{"line":6,"column":3}},{"start":{},"end":{}}],"line":4},"1":{"loc":{"start":{"line":10,"column":2},"end":{"line":12,"column":3}},"type":"if","locations":[{"start":{"line":10,"column":2},"end":{"line":12,"column":3}},{"start":{},"end":{}}],"line":10}},"s":{"0":2,"1":22,"2":6,"3":6,"4":2,"5":4,"6":4,"7":2,"8":2,"9":2},"f":{"0":22,"1":6},"b":{"0":[2,4],"1":[2,2]},"_coverageSchema":"1a1c01bbd47fc00a2c39e90264f33305004495a9","hash":"a8e0f7d18978d03a99a8ad07070e11f8ce36be8c"}
}
