TN:
SF:src/app.js
FN:11,(anonymous_0)
FNF:1
FNH:1
FNDA:22,(anonymous_0)
DA:1,2
DA:2,2
DA:3,2
DA:4,2
DA:5,2
DA:6,2
DA:7,2
DA:8,2
DA:9,2
DA:11,2
DA:12,22
DA:13,22
DA:15,22
DA:16,22
DA:17,22
DA:19,22
DA:25,22
DA:27,22
DA:28,22
DA:30,22
DA:33,2
LF:21
LH:21
BRDA:11,0,0,22
BRDA:11,1,0,22
BRF:2
BRH:2
end_of_record
TN:
SF:src/config/constants.js
FNF:0
FNH:0
DA:1,2
DA:2,2
DA:3,2
DA:5,2
DA:6,2
DA:8,2
DA:9,2
DA:10,2
DA:11,2
DA:12,2
DA:14,2
DA:16,2
DA:21,2
LF:13
LH:13
BRF:0
BRH:0
end_of_record
TN:
SF:src/data/seed.js
FN:7,(anonymous_0)
FNF:1
FNH:1
FNDA:22,(anonymous_0)
DA:5,2
DA:7,22
DA:19,2
LF:3
LH:3
BRF:0
BRH:0
end_of_record
TN:
SF:src/infra/repositories/orderRepository.js
FN:1,(anonymous_0)
FN:2,(anonymous_1)
FN:3,(anonymous_2)
FN:3,(anonymous_3)
FN:4,(anonymous_4)
FN:8,(anonymous_5)
FNF:6
FNH:6
FNDA:22,(anonymous_0)
FNDA:2,(anonymous_1)
FNDA:6,(anonymous_2)
FNDA:14,(anonymous_3)
FNDA:5,(anonymous_4)
FNDA:5,(anonymous_5)
DA:1,22
DA:2,2
DA:3,14
DA:5,5
DA:6,5
DA:8,5
DA:11,2
LF:7
LH:7
BRF:0
BRH:0
end_of_record
TN:
SF:src/infra/repositories/userRepository.js
FN:1,(anonymous_0)
FN:2,(anonymous_1)
FN:2,(anonymous_2)
FNF:3
FNH:3
FNDA:22,(anonymous_0)
FNDA:17,(anonymous_1)
FNDA:29,(anonymous_2)
DA:1,22
DA:2,29
DA:5,2
LF:3
LH:3
BRF:0
BRH:0
end_of_record
TN:
SF:src/infra/services/freightService.js
FN:7,(anonymous_0)
FN:8,(anonymous_1)
FNF:2
FNH:2
FNDA:22,(anonymous_0)
FNDA:11,(anonymous_1)
DA:5,2
DA:7,22
DA:9,11
DA:10,11
DA:12,10
DA:13,2
DA:16,8
DA:20,3
DA:21,3
DA:26,2
LF:10
LH:10
BRDA:12,0,0,2
BRDA:12,0,1,8
BRDA:16,1,0,4
BRDA:16,1,1,4
BRF:4
BRH:4
end_of_record
TN:
SF:src/routes/orderRoutes.js
FN:3,(anonymous_0)
FN:6,(anonymous_1)
FN:10,(anonymous_2)
FN:15,(anonymous_3)
FNF:4
FNH:4
FNDA:22,(anonymous_0)
FNDA:2,(anonymous_1)
FNDA:15,(anonymous_2)
FNDA:6,(anonymous_3)
DA:1,2
DA:3,2
DA:4,22
DA:6,22
DA:7,2
DA:10,22
DA:11,15
DA:12,15
DA:15,22
DA:16,6
DA:17,6
DA:20,22
DA:23,2
LF:13
LH:13
BRF:0
BRH:0
end_of_record
TN:
SF:src/usecases/createOrder.js
FN:8,(anonymous_0)
FN:17,(anonymous_1)
FN:21,(anonymous_2)
FN:24,(anonymous_3)
FN:25,(anonymous_4)
FN:41,(anonymous_5)
FN:41,(anonymous_6)
FN:46,(anonymous_7)
FNF:8
FNH:8
FNDA:11,(anonymous_0)
FNDA:22,(anonymous_1)
FNDA:13,(anonymous_2)
FNDA:13,(anonymous_3)
FNDA:13,(anonymous_4)
FNDA:22,(anonymous_5)
FNDA:15,(anonymous_6)
FNDA:13,(anonymous_7)
DA:6,2
DA:8,2
DA:9,11
DA:10,8
DA:13,3
DA:18,22
DA:22,13
DA:24,13
DA:25,13
DA:27,13
DA:28,13
DA:30,13
DA:31,13
DA:33,13
DA:34,13
DA:35,13
DA:41,22
DA:42,15
DA:43,2
DA:46,13
DA:47,13
DA:48,13
DA:49,2
DA:52,11
DA:54,11
DA:55,11
DA:57,3
DA:60,8
DA:61,3
DA:64,5
DA:66,5
DA:73,5
DA:77,2
LF:33
LH:33
BRDA:9,0,0,8
BRDA:9,0,1,3
BRDA:22,1,0,13
BRDA:22,1,1,13
BRDA:34,2,0,13
BRDA:34,2,1,0
BRDA:42,3,0,2
BRDA:42,3,1,13
BRDA:42,4,0,15
BRDA:42,4,1,15
BRDA:42,4,2,13
BRDA:48,5,0,2
BRDA:48,5,1,11
BRDA:60,6,0,3
BRDA:60,6,1,5
BRF:15
BRH:14
end_of_record
TN:
SF:src/usecases/getOrderDetails.js
FN:1,(anonymous_0)
FN:1,(anonymous_1)
FNF:2
FNH:2
FNDA:22,(anonymous_0)
FNDA:6,(anonymous_1)
DA:1,22
DA:2,6
DA:4,6
DA:5,2
DA:8,4
DA:10,4
DA:11,2
DA:14,2
DA:23,2
LF:9
LH:9
BRDA:4,0,0,2
BRDA:4,0,1,4
BRDA:10,1,0,2
BRDA:10,1,1,2
BRF:4
BRH:4
end_of_record
